#
# There is insufficient memory for the Java Runtime Environment to continue.
# Cannot create GC thread. Out of system resources.
# Possible reasons:
#   The system is out of physical RAM or swap space
#   In 32 bit mode, the process size limit was hit
# Possible solutions:
#   Reduce memory load on the system
#   Increase physical memory or swap space
#   Check if swap backing store is full
#   Use 64 bit Java on a 64 bit OS
#   Decrease Java heap size (-Xmx/-Xms)
#   Decrease number of Java threads
#   Decrease Java thread stack sizes (-Xss)
#   Set larger code cache with -XX:ReservedCodeCacheSize=
# This output file may be truncated or incomplete.
#
#  Out of Memory Error (gcTaskThread.cpp:48), pid=29722, tid=0x00007f61d9e3c700
#
# JRE version:  (8.0_144-b01) (build )
# Java VM: Java HotSpot(TM) 64-Bit Server VM (25.144-b01 mixed mode linux-amd64 compressed oops)
# Failed to write core dump. Core dumps have been disabled. To enable core dumping, try "ulimit -c unlimited" before starting Java again
#

---------------  T H R E A D  ---------------

Current thread (0x00007f61d0009000):  JavaThread "Unknown thread" [_thread_in_vm, id=29737, stack(0x00007f61d9d3c000,0x00007f61d9e3d000)]

Stack: [0x00007f61d9d3c000,0x00007f61d9e3d000],  sp=0x00007f61d9e3b5f0,  free space=1021k
Native frames: (J=compiled Java code, j=interpreted, Vv=VM code, C=native code)
V  [libjvm.so+0xacb18a]  VMError::report_and_die()+0x2ba
V  [libjvm.so+0x4ff4db]  report_vm_out_of_memory(char const*, int, unsigned long, VMErrorType, char const*)+0x8b
V  [libjvm.so+0x5daabf]  GCTaskThread::GCTaskThread(GCTaskManager*, unsigned int, unsigned int)+0x15f
V  [libjvm.so+0x5d987b]  GCTaskManager::initialize()+0x3ab
V  [libjvm.so+0x94b51d]  ParallelScavengeHeap::initialize()+0x34d
V  [libjvm.so+0xa93203]  Universe::initialize_heap()+0xf3
V  [libjvm.so+0xa9376e]  universe_init()+0x3e
V  [libjvm.so+0x640565]  init_globals()+0x65
V  [libjvm.so+0xa76e5e]  Threads::create_vm(JavaVMInitArgs*, bool*)+0x23e
V  [libjvm.so+0x6d4e64]  JNI_CreateJavaVM+0x74
C  [libjli.so+0x745e]  JavaMain+0x9e
C  [libpthread.so.0+0x76ba]  start_thread+0xca


---------------  P R O C E S S  ---------------

Java Threads: ( => current thread )

Other Threads:

=>0x00007f61d0009000 (exited) JavaThread "Unknown thread" [_thread_in_vm, id=29737, stack(0x00007f61d9d3c000,0x00007f61d9e3d000)]

VM state:not at safepoint (not fully initialized)

VM Mutex/Monitor currently owned by a thread: None

GC Heap History (0 events):
No events

Deoptimization events (0 events):
No events

Internal exceptions (0 events):
No events

Events (0 events):
No events


Dynamic libraries:
00400000-00401000 r-xp 00000000 08:02 17041634                           /usr/lib/jvm/java-8-oracle/jre/bin/java
00600000-00601000 rw-p 00000000 08:02 17041634                           /usr/lib/jvm/java-8-oracle/jre/bin/java
00881000-008a2000 rw-p 00000000 00:00 0                                  [heap]
84200000-89500000 rw-p 00000000 00:00 0 
89500000-d6b80000 ---p 00000000 00:00 0 
d6b80000-d9480000 rw-p 00000000 00:00 0 
d9480000-100000000 ---p 00000000 00:00 0 
7f61c1000000-7f61c1270000 rwxp 00000000 00:00 0 
7f61c1270000-7f61d0000000 ---p 00000000 00:00 0 
7f61d0000000-7f61d003e000 rw-p 00000000 00:00 0 
7f61d003e000-7f61d4000000 ---p 00000000 00:00 0 
7f61d5a41000-7f61d5cc8000 rw-p 00000000 00:00 0 
7f61d5cc8000-7f61d5cc9000 ---p 00000000 00:00 0 
7f61d5cc9000-7f61d5dc9000 rw-p 00000000 00:00 0 
7f61d5dc9000-7f61d5dca000 ---p 00000000 00:00 0 
7f61d5dca000-7f61d5eca000 rw-p 00000000 00:00 0 
7f61d5eca000-7f61d5ecb000 ---p 00000000 00:00 0 
7f61d5ecb000-7f61d5fcb000 rw-p 00000000 00:00 0 
7f61d5fcb000-7f61d5fcc000 ---p 00000000 00:00 0 
7f61d5fcc000-7f61d60f6000 rw-p 00000000 00:00 0 
7f61d60f6000-7f61d6361000 ---p 00000000 00:00 0 
7f61d6361000-7f61d638b000 rw-p 00000000 00:00 0 
7f61d638b000-7f61d65f5000 ---p 00000000 00:00 0 
7f61d65f5000-7f61d660b000 rw-p 00000000 00:00 0 
7f61d660b000-7f61d6740000 ---p 00000000 00:00 0 
7f61d6740000-7f61d674b000 rw-p 00000000 00:00 0 
7f61d674b000-7f61d6b01000 ---p 00000000 00:00 0 
7f61d6b01000-7f61d6b1b000 r-xp 00000000 08:02 17041764                   /usr/lib/jvm/java-8-oracle/jre/lib/amd64/libzip.so
7f61d6b1b000-7f61d6d1b000 ---p 0001a000 08:02 17041764                   /usr/lib/jvm/java-8-oracle/jre/lib/amd64/libzip.so
7f61d6d1b000-7f61d6d1c000 rw-p 0001a000 08:02 17041764                   /usr/lib/jvm/java-8-oracle/jre/lib/amd64/libzip.so
7f61d6d1c000-7f61d7521000 r--s 00000000 00:2e 59026                      /var/lib/sss/mc/passwd
7f61d7521000-7f61d7529000 r-xp 00000000 08:02 15730675                   /lib/x86_64-linux-gnu/libnss_sss.so.2
7f61d7529000-7f61d7728000 ---p 00008000 08:02 15730675                   /lib/x86_64-linux-gnu/libnss_sss.so.2
7f61d7728000-7f61d7729000 r--p 00007000 08:02 15730675                   /lib/x86_64-linux-gnu/libnss_sss.so.2
7f61d7729000-7f61d772a000 rw-p 00008000 08:02 15730675                   /lib/x86_64-linux-gnu/libnss_sss.so.2
7f61d772a000-7f61d7735000 r-xp 00000000 08:02 15730664                   /lib/x86_64-linux-gnu/libnss_files-2.23.so
7f61d7735000-7f61d7934000 ---p 0000b000 08:02 15730664                   /lib/x86_64-linux-gnu/libnss_files-2.23.so
7f61d7934000-7f61d7935000 r--p 0000a000 08:02 15730664                   /lib/x86_64-linux-gnu/libnss_files-2.23.so
7f61d7935000-7f61d7936000 rw-p 0000b000 08:02 15730664                   /lib/x86_64-linux-gnu/libnss_files-2.23.so
7f61d7936000-7f61d793c000 rw-p 00000000 00:00 0 
7f61d793c000-7f61d7967000 r-xp 00000000 08:02 17041728                   /usr/lib/jvm/java-8-oracle/jre/lib/amd64/libjava.so
7f61d7967000-7f61d7b66000 ---p 0002b000 08:02 17041728                   /usr/lib/jvm/java-8-oracle/jre/lib/amd64/libjava.so
7f61d7b66000-7f61d7b68000 rw-p 0002a000 08:02 17041728                   /usr/lib/jvm/java-8-oracle/jre/lib/amd64/libjava.so
7f61d7b68000-7f61d7b75000 r-xp 00000000 08:02 17041763                   /usr/lib/jvm/java-8-oracle/jre/lib/amd64/libverify.so
7f61d7b75000-7f61d7d75000 ---p 0000d000 08:02 17041763                   /usr/lib/jvm/java-8-oracle/jre/lib/amd64/libverify.so
7f61d7d75000-7f61d7d77000 rw-p 0000d000 08:02 17041763                   /usr/lib/jvm/java-8-oracle/jre/lib/amd64/libverify.so
7f61d7d77000-7f61d7d7e000 r-xp 00000000 08:02 15730697                   /lib/x86_64-linux-gnu/librt-2.23.so
7f61d7d7e000-7f61d7f7d000 ---p 00007000 08:02 15730697                   /lib/x86_64-linux-gnu/librt-2.23.so
7f61d7f7d000-7f61d7f7e000 r--p 00006000 08:02 15730697                   /lib/x86_64-linux-gnu/librt-2.23.so
7f61d7f7e000-7f61d7f7f000 rw-p 00007000 08:02 15730697                   /lib/x86_64-linux-gnu/librt-2.23.so
7f61d7f7f000-7f61d8087000 r-xp 00000000 08:02 15730648                   /lib/x86_64-linux-gnu/libm-2.23.so
7f61d8087000-7f61d8286000 ---p 00108000 08:02 15730648                   /lib/x86_64-linux-gnu/libm-2.23.so
7f61d8286000-7f61d8287000 r--p 00107000 08:02 15730648                   /lib/x86_64-linux-gnu/libm-2.23.so
7f61d8287000-7f61d8288000 rw-p 00108000 08:02 15730648                   /lib/x86_64-linux-gnu/libm-2.23.so
7f61d8288000-7f61d8f5b000 r-xp 00000000 08:02 17041767                   /usr/lib/jvm/java-8-oracle/jre/lib/amd64/server/libjvm.so
7f61d8f5b000-7f61d915a000 ---p 00cd3000 08:02 17041767                   /usr/lib/jvm/java-8-oracle/jre/lib/amd64/server/libjvm.so
7f61d915a000-7f61d9234000 rw-p 00cd2000 08:02 17041767                   /usr/lib/jvm/java-8-oracle/jre/lib/amd64/server/libjvm.so
7f61d9234000-7f61d927f000 rw-p 00000000 00:00 0 
7f61d927f000-7f61d943f000 r-xp 00000000 08:02 15730610                   /lib/x86_64-linux-gnu/libc-2.23.so
7f61d943f000-7f61d963f000 ---p 001c0000 08:02 15730610                   /lib/x86_64-linux-gnu/libc-2.23.so
7f61d963f000-7f61d9643000 r--p 001c0000 08:02 15730610                   /lib/x86_64-linux-gnu/libc-2.23.so
7f61d9643000-7f61d9645000 rw-p 001c4000 08:02 15730610                   /lib/x86_64-linux-gnu/libc-2.23.so
7f61d9645000-7f61d9649000 rw-p 00000000 00:00 0 
7f61d9649000-7f61d964c000 r-xp 00000000 08:02 15730623                   /lib/x86_64-linux-gnu/libdl-2.23.so
7f61d964c000-7f61d984b000 ---p 00003000 08:02 15730623                   /lib/x86_64-linux-gnu/libdl-2.23.so
7f61d984b000-7f61d984c000 r--p 00002000 08:02 15730623                   /lib/x86_64-linux-gnu/libdl-2.23.so
7f61d984c000-7f61d984d000 rw-p 00003000 08:02 15730623                   /lib/x86_64-linux-gnu/libdl-2.23.so
7f61d984d000-7f61d9862000 r-xp 00000000 08:02 17041765                   /usr/lib/jvm/java-8-oracle/jre/lib/amd64/jli/libjli.so
7f61d9862000-7f61d9a62000 ---p 00015000 08:02 17041765                   /usr/lib/jvm/java-8-oracle/jre/lib/amd64/jli/libjli.so
7f61d9a62000-7f61d9a63000 rw-p 00015000 08:02 17041765                   /usr/lib/jvm/java-8-oracle/jre/lib/amd64/jli/libjli.so
7f61d9a63000-7f61d9a7b000 r-xp 00000000 08:02 15730693                   /lib/x86_64-linux-gnu/libpthread-2.23.so
7f61d9a7b000-7f61d9c7a000 ---p 00018000 08:02 15730693                   /lib/x86_64-linux-gnu/libpthread-2.23.so
7f61d9c7a000-7f61d9c7b000 r--p 00017000 08:02 15730693                   /lib/x86_64-linux-gnu/libpthread-2.23.so
7f61d9c7b000-7f61d9c7c000 rw-p 00018000 08:02 15730693                   /lib/x86_64-linux-gnu/libpthread-2.23.so
7f61d9c7c000-7f61d9c80000 rw-p 00000000 00:00 0 
7f61d9c80000-7f61d9ca6000 r-xp 00000000 08:02 15730595                   /lib/x86_64-linux-gnu/ld-2.23.so
7f61d9d3c000-7f61d9d3f000 ---p 00000000 00:00 0 
7f61d9d3f000-7f61d9e41000 rw-p 00000000 00:00 0 
7f61d9e99000-7f61d9ea1000 rw-s 00000000 00:28 113                        /tmp/hsperfdata_amaple1/29722
7f61d9ea1000-7f61d9ea2000 rw-p 00000000 00:00 0 
7f61d9ea2000-7f61d9ea3000 r--p 00000000 00:00 0 
7f61d9ea3000-7f61d9ea5000 rw-p 00000000 00:00 0 
7f61d9ea5000-7f61d9ea6000 r--p 00025000 08:02 15730595                   /lib/x86_64-linux-gnu/ld-2.23.so
7f61d9ea6000-7f61d9ea7000 rw-p 00026000 08:02 15730595                   /lib/x86_64-linux-gnu/ld-2.23.so
7f61d9ea7000-7f61d9ea8000 rw-p 00000000 00:00 0 
7ffc6913d000-7ffc6915e000 rw-p 00000000 00:00 0                          [stack]
7ffc69179000-7ffc6917b000 r--p 00000000 00:00 0                          [vvar]
7ffc6917b000-7ffc6917d000 r-xp 00000000 00:00 0                          [vdso]
ffffffffff600000-ffffffffff601000 r-xp 00000000 00:00 0                  [vsyscall]

VM Arguments:
jvm_args: -Djava.security.policy=java.policy 
java_command: client
java_class_path (initial): /home/2016/amaple1/521/512/rmi/clientsrc:/home/2016/amaple1/521/512/rmi/clientsrc/../servercode/ResInterface.jar
Launcher Type: SUN_STANDARD

Environment Variables:
JAVA_HOME=/usr/lib/jvm/java-8-oracle
CLASSPATH=/home/2016/amaple1/521/512/rmi/clientsrc:/home/2016/amaple1/521/512/rmi/clientsrc/../servercode/ResInterface.jar
PATH=/var/bin:/usr/local/sbin:/usr/local/bin:/usr/sbin:/usr/bin:/sbin:/bin:/usr/games:/usr/local/games:/snap/bin:/usr/lib/jvm/java-8-oracle/bin:/usr/lib/jvm/java-8-oracle/db/bin:/usr/lib/jvm/java-8-oracle/jre/bin:/opt/puppetlabs/bin
SHELL=/bin/bash
DISPLAY=:0

Signal Handlers:
SIGSEGV: [libjvm.so+0xacba10], sa_mask[0]=11111111011111111101111111111110, sa_flags=SA_RESTART|SA_SIGINFO
SIGBUS: [libjvm.so+0xacba10], sa_mask[0]=11111111011111111101111111111110, sa_flags=SA_RESTART|SA_SIGINFO
SIGFPE: [libjvm.so+0x924ba0], sa_mask[0]=11111111011111111101111111111110, sa_flags=SA_RESTART|SA_SIGINFO
SIGPIPE: [libjvm.so+0x924ba0], sa_mask[0]=11111111011111111101111111111110, sa_flags=SA_RESTART|SA_SIGINFO
SIGXFSZ: [libjvm.so+0x924ba0], sa_mask[0]=11111111011111111101111111111110, sa_flags=SA_RESTART|SA_SIGINFO
SIGILL: [libjvm.so+0x924ba0], sa_mask[0]=11111111011111111101111111111110, sa_flags=SA_RESTART|SA_SIGINFO
SIGUSR1: SIG_DFL, sa_mask[0]=00000000000000000000000000000000, sa_flags=none
SIGUSR2: [libjvm.so+0x9263e0], sa_mask[0]=00000000000000000000000000000000, sa_flags=SA_RESTART|SA_SIGINFO
SIGHUP: SIG_DFL, sa_mask[0]=00000000000000000000000000000000, sa_flags=none
SIGINT: SIG_IGN, sa_mask[0]=00000000000000000000000000000000, sa_flags=none
SIGTERM: SIG_DFL, sa_mask[0]=00000000000000000000000000000000, sa_flags=none
SIGQUIT: SIG_IGN, sa_mask[0]=00000000000000000000000000000000, sa_flags=none


---------------  S Y S T E M  ---------------

OS:DISTRIB_ID=Ubuntu
DISTRIB_RELEASE=16.04
DISTRIB_CODENAME=xenial
DISTRIB_DESCRIPTION="Ubuntu 16.04.3 LTS"

uname:Linux 4.4.0-96-generic #119-Ubuntu SMP Tue Sep 12 14:59:54 UTC 2017 x86_64
libc:glibc 2.23 NPTL 2.23 
rlimit: STACK 8192k, CORE 0k, NPROC 2000, NOFILE 1048576, AS infinity
load average:0.28 0.86 0.67

/proc/meminfo:
MemTotal:        8115688 kB
MemFree:         1704828 kB
MemAvailable:    3131952 kB
Buffers:          674236 kB
Cached:          2017604 kB
SwapCached:         1872 kB
Active:          4425400 kB
Inactive:        1603228 kB
Active(anon):    3192440 kB
Inactive(anon):  1246440 kB
Active(file):    1232960 kB
Inactive(file):   356788 kB
Unevictable:        5116 kB
Mlocked:            5116 kB
SwapTotal:      16777212 kB
SwapFree:       16714164 kB
Dirty:                36 kB
Writeback:             0 kB
AnonPages:       3340620 kB
Mapped:           468648 kB
Shmem:           1098548 kB
Slab:             198604 kB
SReclaimable:     113296 kB
SUnreclaim:        85308 kB
KernelStack:       36832 kB
PageTables:        74708 kB
NFS_Unstable:        192 kB
Bounce:                0 kB
WritebackTmp:          0 kB
CommitLimit:    20835056 kB
Committed_AS:   27282668 kB
VmallocTotal:   34359738367 kB
VmallocUsed:           0 kB
VmallocChunk:          0 kB
HardwareCorrupted:     0 kB
AnonHugePages:    954368 kB
CmaTotal:              0 kB
CmaFree:               0 kB
HugePages_Total:       0
HugePages_Free:        0
HugePages_Rsvd:        0
HugePages_Surp:        0
Hugepagesize:       2048 kB
DirectMap4k:      289408 kB
DirectMap2M:     8040448 kB
DirectMap1G:     1048576 kB


CPU:total 8 (initial active 8) (4 cores per cpu, 2 threads per core) family 6 model 60 stepping 3, cmov, cx8, fxsr, mmx, sse, sse2, sse3, ssse3, sse4.1, sse4.2, popcnt, avx, avx2, aes, clmul, erms, rtm, lzcnt, ht, tsc, tscinvbit, bmi1, bmi2

/proc/cpuinfo:
processor	: 0
vendor_id	: GenuineIntel
cpu family	: 6
model		: 60
model name	: Intel(R) Core(TM) i7-4770 CPU @ 3.40GHz
stepping	: 3
microcode	: 0x16
cpu MHz		: 3487.125
cache size	: 8192 KB
physical id	: 0
siblings	: 8
core id		: 0
cpu cores	: 4
apicid		: 0
initial apicid	: 0
fpu		: yes
fpu_exception	: yes
cpuid level	: 13
wp		: yes
flags		: fpu vme de pse tsc msr pae mce cx8 apic sep mtrr pge mca cmov pat pse36 clflush dts acpi mmx fxsr sse sse2 ss ht tm pbe syscall nx pdpe1gb rdtscp lm constant_tsc arch_perfmon pebs bts rep_good nopl xtopology nonstop_tsc aperfmperf eagerfpu pni pclmulqdq dtes64 monitor ds_cpl vmx smx est tm2 ssse3 sdbg fma cx16 xtpr pdcm pcid sse4_1 sse4_2 x2apic movbe popcnt tsc_deadline_timer aes xsave avx f16c rdrand lahf_lm abm epb tpr_shadow vnmi flexpriority ept vpid fsgsbase tsc_adjust bmi1 hle avx2 smep bmi2 erms invpcid rtm xsaveopt dtherm ida arat pln pts
bugs		:
bogomips	: 6784.83
clflush size	: 64
cache_alignment	: 64
address sizes	: 39 bits physical, 48 bits virtual
power management:

processor	: 1
vendor_id	: GenuineIntel
cpu family	: 6
model		: 60
model name	: Intel(R) Core(TM) i7-4770 CPU @ 3.40GHz
stepping	: 3
microcode	: 0x16
cpu MHz		: 3453.656
cache size	: 8192 KB
physical id	: 0
siblings	: 8
core id		: 1
cpu cores	: 4
apicid		: 2
initial apicid	: 2
fpu		: yes
fpu_exception	: yes
cpuid level	: 13
wp		: yes
flags		: fpu vme de pse tsc msr pae mce cx8 apic sep mtrr pge mca cmov pat pse36 clflush dts acpi mmx fxsr sse sse2 ss ht tm pbe syscall nx pdpe1gb rdtscp lm constant_tsc arch_perfmon pebs bts rep_good nopl xtopology nonstop_tsc aperfmperf eagerfpu pni pclmulqdq dtes64 monitor ds_cpl vmx smx est tm2 ssse3 sdbg fma cx16 xtpr pdcm pcid sse4_1 sse4_2 x2apic movbe popcnt tsc_deadline_timer aes xsave avx f16c rdrand lahf_lm abm epb tpr_shadow vnmi flexpriority ept vpid fsgsbase tsc_adjust bmi1 hle avx2 smep bmi2 erms invpcid rtm xsaveopt dtherm ida arat pln pts
bugs		:
bogomips	: 6784.83
clflush size	: 64
cache_alignment	: 64
address sizes	: 39 bits physical, 48 bits virtual
power management:

processor	: 2
vendor_id	: GenuineIntel
cpu family	: 6
model		: 60
model name	: Intel(R) Core(TM) i7-4770 CPU @ 3.40GHz
stepping	: 3
microcode	: 0x16
cpu MHz		: 3505.585
cache size	: 8192 KB
physical id	: 0
siblings	: 8
core id		: 2
cpu cores	: 4
apicid		: 4
initial apicid	: 4
fpu		: yes
fpu_exception	: yes
cpuid level	: 13
wp		: yes
flags		: fpu vme de pse tsc msr pae mce cx8 apic sep mtrr pge mca cmov pat pse36 clflush dts acpi mmx fxsr sse sse2 ss ht tm pbe syscall nx pdpe1gb rdtscp lm constant_tsc arch_perfmon pebs bts rep_good nopl xtopology nonstop_tsc aperfmperf eagerfpu pni pclmulqdq dtes64 monitor ds_cpl vmx smx est tm2 ssse3 sdbg fma cx16 xtpr pdcm pcid sse4_1 sse4_2 x2apic movbe popcnt tsc_deadline_timer aes xsave avx f16c rdrand lahf_lm abm epb tpr_shadow vnmi flexpriority ept vpid fsgsbase tsc_adjust bmi1 hle avx2 smep bmi2 erms invpcid rtm xsaveopt dtherm ida arat pln pts
bugs		:
bogomips	: 6784.83
clflush size	: 64
cache_alignment	: 64
address sizes	: 39 bits physical, 48 bits virtual
power management:

processor	: 3
vendor_id	: GenuineIntel
cpu family	: 6
model		: 60
model name	: Intel(R) Core(TM) i7-4770 CPU @ 3.40GHz
stepping	: 3
microcode	: 0x16
cpu MHz		: 3565.484
cache size	: 8192 KB
physical id	: 0
siblings	: 8
core id		: 3
cpu cores	: 4
apicid		: 6
initial apicid	: 6
fpu		: yes
fpu_exception	: yes
cpuid level	: 13
wp		: yes
flags		: fpu vme de pse tsc msr pae mce cx8 apic sep mtrr pge mca cmov pat pse36 clflush dts acpi mmx fxsr sse sse2 ss ht tm pbe syscall nx pdpe1gb rdtscp lm constant_tsc arch_perfmon pebs bts rep_good nopl xtopology nonstop_tsc aperfmperf eagerfpu pni pclmulqdq dtes64 monitor ds_cpl vmx smx est tm2 ssse3 sdbg fma cx16 xtpr pdcm pcid sse4_1 sse4_2 x2apic movbe popcnt tsc_deadline_timer aes xsave avx f16c rdrand lahf_lm abm epb tpr_shadow vnmi flexpriority ept vpid fsgsbase tsc_adjust bmi1 hle avx2 smep bmi2 erms invpcid rtm xsaveopt dtherm ida arat pln pts
bugs		:
bogomips	: 6784.83
clflush size	: 64
cache_alignment	: 64
address sizes	: 39 bits physical, 48 bits virtual
power management:

processor	: 4
vendor_id	: GenuineIntel
cpu family	: 6
model		: 60
model name	: Intel(R) Core(TM) i7-4770 CPU @ 3.40GHz
stepping	: 3
microcode	: 0x16
cpu MHz		: 3456.046
cache size	: 8192 KB
physical id	: 0
siblings	: 8
core id		: 0
cpu cores	: 4
apicid		: 1
initial apicid	: 1
fpu		: yes
fpu_exception	: yes
cpuid level	: 13
wp		: yes
flags		: fpu vme de pse tsc msr pae mce cx8 apic sep mtrr pge mca cmov pat pse36 clflush dts acpi mmx fxsr sse sse2 ss ht tm pbe syscall nx pdpe1gb rdtscp lm constant_tsc arch_perfmon pebs bts rep_good nopl xtopology nonstop_tsc aperfmperf eagerfpu pni pclmulqdq dtes64 monitor ds_cpl vmx smx est tm2 ssse3 sdbg fma cx16 xtpr pdcm pcid sse4_1 sse4_2 x2apic movbe popcnt tsc_deadline_timer aes xsave avx f16c rdrand lahf_lm abm epb tpr_shadow vnmi flexpriority ept vpid fsgsbase tsc_adjust bmi1 hle avx2 smep bmi2 erms invpcid rtm xsaveopt dtherm ida arat pln pts
bugs		:
bogomips	: 6784.83
clflush size	: 64
cache_alignment	: 64
address sizes	: 39 bits physical, 48 bits virtual
power management:

processor	: 5
vendor_id	: GenuineIntel
cpu family	: 6
model		: 60
model name	: Intel(R) Core(TM) i7-4770 CPU @ 3.40GHz
stepping	: 3
microcode	: 0x16
cpu MHz		: 3420.718
cache size	: 8192 KB
physical id	: 0
siblings	: 8
core id		: 1
cpu cores	: 4
apicid		: 3
initial apicid	: 3
fpu		: yes
fpu_exception	: yes
cpuid level	: 13
wp		: yes
flags		: fpu vme de pse tsc msr pae mce cx8 apic sep mtrr pge mca cmov pat pse36 clflush dts acpi mmx fxsr sse sse2 ss ht tm pbe syscall nx pdpe1gb rdtscp lm constant_tsc arch_perfmon pebs bts rep_good nopl xtopology nonstop_tsc aperfmperf eagerfpu pni pclmulqdq dtes64 monitor ds_cpl vmx smx est tm2 ssse3 sdbg fma cx16 xtpr pdcm pcid sse4_1 sse4_2 x2apic movbe popcnt tsc_deadline_timer aes xsave avx f16c rdrand lahf_lm abm epb tpr_shadow vnmi flexpriority ept vpid fsgsbase tsc_adjust bmi1 hle avx2 smep bmi2 erms invpcid rtm xsaveopt dtherm ida arat pln pts
bugs		:
bogomips	: 6784.83
clflush size	: 64
cache_alignment	: 64
address sizes	: 39 bits physical, 48 bits virtual
power management:

processor	: 6
vendor_id	: GenuineIntel
cpu family	: 6
model		: 60
model name	: Intel(R) Core(TM) i7-4770 CPU @ 3.40GHz
stepping	: 3
microcode	: 0x16
cpu MHz		: 3047.648
cache size	: 8192 KB
physical id	: 0
siblings	: 8
core id		: 2
cpu cores	: 4
apicid		: 5
initial apicid	: 5
fpu		: yes
fpu_exception	: yes
cpuid level	: 13
wp		: yes
flags		: fpu vme de pse tsc msr pae mce cx8 apic sep mtrr pge mca cmov pat pse36 clflush dts acpi mmx fxsr sse sse2 ss ht tm pbe syscall nx pdpe1gb rdtscp lm constant_tsc arch_perfmon pebs bts rep_good nopl xtopology nonstop_tsc aperfmperf eagerfpu pni pclmulqdq dtes64 monitor ds_cpl vmx smx est tm2 ssse3 sdbg fma cx16 xtpr pdcm pcid sse4_1 sse4_2 x2apic movbe popcnt tsc_deadline_timer aes xsave avx f16c rdrand lahf_lm abm epb tpr_shadow vnmi flexpriority ept vpid fsgsbase tsc_adjust bmi1 hle avx2 smep bmi2 erms invpcid rtm xsaveopt dtherm ida arat pln pts
bugs		:
bogomips	: 6784.83
clflush size	: 64
cache_alignment	: 64
address sizes	: 39 bits physical, 48 bits virtual
power management:

processor	: 7
vendor_id	: GenuineIntel
cpu family	: 6
model		: 60
model name	: Intel(R) Core(TM) i7-4770 CPU @ 3.40GHz
stepping	: 3
microcode	: 0x16
cpu MHz		: 3401.062
cache size	: 8192 KB
physical id	: 0
siblings	: 8
core id		: 3
cpu cores	: 4
apicid		: 7
initial apicid	: 7
fpu		: yes
fpu_exception	: yes
cpuid level	: 13
wp		: yes
flags		: fpu vme de pse tsc msr pae mce cx8 apic sep mtrr pge mca cmov pat pse36 clflush dts acpi mmx fxsr sse sse2 ss ht tm pbe syscall nx pdpe1gb rdtscp lm constant_tsc arch_perfmon pebs bts rep_good nopl xtopology nonstop_tsc aperfmperf eagerfpu pni pclmulqdq dtes64 monitor ds_cpl vmx smx est tm2 ssse3 sdbg fma cx16 xtpr pdcm pcid sse4_1 sse4_2 x2apic movbe popcnt tsc_deadline_timer aes xsave avx f16c rdrand lahf_lm abm epb tpr_shadow vnmi flexpriority ept vpid fsgsbase tsc_adjust bmi1 hle avx2 smep bmi2 erms invpcid rtm xsaveopt dtherm ida arat pln pts
bugs		:
bogomips	: 6784.83
clflush size	: 64
cache_alignment	: 64
address sizes	: 39 bits physical, 48 bits virtual
power management:



Memory: 4k page, physical 8115688k(1704828k free), swap 16777212k(16714164k free)

vm_info: Java HotSpot(TM) 64-Bit Server VM (25.144-b01) for linux-amd64 JRE (1.8.0_144-b01), built on Jul 21 2017 21:57:33 by "java_re" with gcc 4.3.0 20080428 (Red Hat 4.3.0-8)

time: Fri Nov 10 23:55:16 2017
elapsed time: 0 seconds (0d 0h 0m 0s)

