#
# There is insufficient memory for the Java Runtime Environment to continue.
# Cannot create GC thread. Out of system resources.
# Possible reasons:
#   The system is out of physical RAM or swap space
#   In 32 bit mode, the process size limit was hit
# Possible solutions:
#   Reduce memory load on the system
#   Increase physical memory or swap space
#   Check if swap backing store is full
#   Use 64 bit Java on a 64 bit OS
#   Decrease Java heap size (-Xmx/-Xms)
#   Decrease number of Java threads
#   Decrease Java thread stack sizes (-Xss)
#   Set larger code cache with -XX:ReservedCodeCacheSize=
# This output file may be truncated or incomplete.
#
#  Out of Memory Error (gcTaskThread.cpp:48), pid=29376, tid=0x00007fb5fce41700
#
# JRE version:  (8.0_144-b01) (build )
# Java VM: Java HotSpot(TM) 64-Bit Server VM (25.144-b01 mixed mode linux-amd64 compressed oops)
# Failed to write core dump. Core dumps have been disabled. To enable core dumping, try "ulimit -c unlimited" before starting Java again
#

---------------  T H R E A D  ---------------

Current thread (0x00007fb5f4009800):  JavaThread "Unknown thread" [_thread_in_vm, id=29377, stack(0x00007fb5fcd41000,0x00007fb5fce42000)]

Stack: [0x00007fb5fcd41000,0x00007fb5fce42000],  sp=0x00007fb5fce405f0,  free space=1021k
Native frames: (J=compiled Java code, j=interpreted, Vv=VM code, C=native code)
V  [libjvm.so+0xacb18a]  VMError::report_and_die()+0x2ba
V  [libjvm.so+0x4ff4db]  report_vm_out_of_memory(char const*, int, unsigned long, VMErrorType, char const*)+0x8b
V  [libjvm.so+0x5daabf]  GCTaskThread::GCTaskThread(GCTaskManager*, unsigned int, unsigned int)+0x15f
V  [libjvm.so+0x5d987b]  GCTaskManager::initialize()+0x3ab
V  [libjvm.so+0x94b51d]  ParallelScavengeHeap::initialize()+0x34d
V  [libjvm.so+0xa93203]  Universe::initialize_heap()+0xf3
V  [libjvm.so+0xa9376e]  universe_init()+0x3e
V  [libjvm.so+0x640565]  init_globals()+0x65
V  [libjvm.so+0xa76e5e]  Threads::create_vm(JavaVMInitArgs*, bool*)+0x23e
V  [libjvm.so+0x6d4e64]  JNI_CreateJavaVM+0x74
C  [libjli.so+0x745e]  JavaMain+0x9e
C  [libpthread.so.0+0x76ba]  start_thread+0xca


---------------  P R O C E S S  ---------------

Java Threads: ( => current thread )

Other Threads:

=>0x00007fb5f4009800 (exited) JavaThread "Unknown thread" [_thread_in_vm, id=29377, stack(0x00007fb5fcd41000,0x00007fb5fce42000)]

VM state:not at safepoint (not fully initialized)

VM Mutex/Monitor currently owned by a thread: None

GC Heap History (0 events):
No events

Deoptimization events (0 events):
No events

Internal exceptions (0 events):
No events

Events (0 events):
No events


Dynamic libraries:
00400000-00401000 r-xp 00000000 08:02 17041525                           /usr/lib/jvm/java-8-oracle/bin/javac
00600000-00601000 rw-p 00000000 08:02 17041525                           /usr/lib/jvm/java-8-oracle/bin/javac
01b2e000-01b4f000 rw-p 00000000 00:00 0                                  [heap]
84200000-84780000 rw-p 00000000 00:00 0 
84780000-d6b80000 ---p 00000000 00:00 0 
d6b80000-d6e00000 rw-p 00000000 00:00 0 
d6e00000-100000000 ---p 00000000 00:00 0 
7fb5e5000000-7fb5e5270000 rwxp 00000000 00:00 0 
7fb5e5270000-7fb5f4000000 ---p 00000000 00:00 0 
7fb5f4000000-7fb5f4043000 rw-p 00000000 00:00 0 
7fb5f4043000-7fb5f8000000 ---p 00000000 00:00 0 
7fb5f8743000-7fb5f89ca000 rw-p 00000000 00:00 0 
7fb5f89ca000-7fb5f89cb000 ---p 00000000 00:00 0 
7fb5f89cb000-7fb5f8acb000 rw-p 00000000 00:00 0 
7fb5f8acb000-7fb5f8acc000 ---p 00000000 00:00 0 
7fb5f8acc000-7fb5f8bcc000 rw-p 00000000 00:00 0 
7fb5f8bcc000-7fb5f8bcd000 ---p 00000000 00:00 0 
7fb5f8bcd000-7fb5f8ccd000 rw-p 00000000 00:00 0 
7fb5f8ccd000-7fb5f8cce000 ---p 00000000 00:00 0 
7fb5f8cce000-7fb5f8dce000 rw-p 00000000 00:00 0 
7fb5f8dce000-7fb5f8dcf000 ---p 00000000 00:00 0 
7fb5f8dcf000-7fb5f8ecf000 rw-p 00000000 00:00 0 
7fb5f8ecf000-7fb5f8ed0000 ---p 00000000 00:00 0 
7fb5f8ed0000-7fb5f8fd0000 rw-p 00000000 00:00 0 
7fb5f8fd0000-7fb5f8fd1000 ---p 00000000 00:00 0 
7fb5f8fd1000-7fb5f90d4000 rw-p 00000000 00:00 0 
7fb5f90d4000-7fb5f9366000 ---p 00000000 00:00 0 
7fb5f9366000-7fb5f9369000 rw-p 00000000 00:00 0 
7fb5f9369000-7fb5f95fa000 ---p 00000000 00:00 0 
7fb5f95fa000-7fb5f95fc000 rw-p 00000000 00:00 0 
7fb5f95fc000-7fb5f9745000 ---p 00000000 00:00 0 
7fb5f9745000-7fb5f9750000 rw-p 00000000 00:00 0 
7fb5f9750000-7fb5f9b06000 ---p 00000000 00:00 0 
7fb5f9b06000-7fb5f9b20000 r-xp 00000000 08:02 17041764                   /usr/lib/jvm/java-8-oracle/jre/lib/amd64/libzip.so
7fb5f9b20000-7fb5f9d20000 ---p 0001a000 08:02 17041764                   /usr/lib/jvm/java-8-oracle/jre/lib/amd64/libzip.so
7fb5f9d20000-7fb5f9d21000 rw-p 0001a000 08:02 17041764                   /usr/lib/jvm/java-8-oracle/jre/lib/amd64/libzip.so
7fb5f9d21000-7fb5fa526000 r--s 00000000 00:2e 59026                      /var/lib/sss/mc/passwd
7fb5fa526000-7fb5fa52e000 r-xp 00000000 08:02 15730675                   /lib/x86_64-linux-gnu/libnss_sss.so.2
7fb5fa52e000-7fb5fa72d000 ---p 00008000 08:02 15730675                   /lib/x86_64-linux-gnu/libnss_sss.so.2
7fb5fa72d000-7fb5fa72e000 r--p 00007000 08:02 15730675                   /lib/x86_64-linux-gnu/libnss_sss.so.2
7fb5fa72e000-7fb5fa72f000 rw-p 00008000 08:02 15730675                   /lib/x86_64-linux-gnu/libnss_sss.so.2
7fb5fa72f000-7fb5fa73a000 r-xp 00000000 08:02 15730664                   /lib/x86_64-linux-gnu/libnss_files-2.23.so
7fb5fa73a000-7fb5fa939000 ---p 0000b000 08:02 15730664                   /lib/x86_64-linux-gnu/libnss_files-2.23.so
7fb5fa939000-7fb5fa93a000 r--p 0000a000 08:02 15730664                   /lib/x86_64-linux-gnu/libnss_files-2.23.so
7fb5fa93a000-7fb5fa93b000 rw-p 0000b000 08:02 15730664                   /lib/x86_64-linux-gnu/libnss_files-2.23.so
7fb5fa93b000-7fb5fa941000 rw-p 00000000 00:00 0 
7fb5fa941000-7fb5fa96c000 r-xp 00000000 08:02 17041728                   /usr/lib/jvm/java-8-oracle/jre/lib/amd64/libjava.so
7fb5fa96c000-7fb5fab6b000 ---p 0002b000 08:02 17041728                   /usr/lib/jvm/java-8-oracle/jre/lib/amd64/libjava.so
7fb5fab6b000-7fb5fab6d000 rw-p 0002a000 08:02 17041728                   /usr/lib/jvm/java-8-oracle/jre/lib/amd64/libjava.so
7fb5fab6d000-7fb5fab7a000 r-xp 00000000 08:02 17041763                   /usr/lib/jvm/java-8-oracle/jre/lib/amd64/libverify.so
7fb5fab7a000-7fb5fad7a000 ---p 0000d000 08:02 17041763                   /usr/lib/jvm/java-8-oracle/jre/lib/amd64/libverify.so
7fb5fad7a000-7fb5fad7c000 rw-p 0000d000 08:02 17041763                   /usr/lib/jvm/java-8-oracle/jre/lib/amd64/libverify.so
7fb5fad7c000-7fb5fad83000 r-xp 00000000 08:02 15730697                   /lib/x86_64-linux-gnu/librt-2.23.so
7fb5fad83000-7fb5faf82000 ---p 00007000 08:02 15730697                   /lib/x86_64-linux-gnu/librt-2.23.so
7fb5faf82000-7fb5faf83000 r--p 00006000 08:02 15730697                   /lib/x86_64-linux-gnu/librt-2.23.so
7fb5faf83000-7fb5faf84000 rw-p 00007000 08:02 15730697                   /lib/x86_64-linux-gnu/librt-2.23.so
7fb5faf84000-7fb5fb08c000 r-xp 00000000 08:02 15730648                   /lib/x86_64-linux-gnu/libm-2.23.so
7fb5fb08c000-7fb5fb28b000 ---p 00108000 08:02 15730648                   /lib/x86_64-linux-gnu/libm-2.23.so
7fb5fb28b000-7fb5fb28c000 r--p 00107000 08:02 15730648                   /lib/x86_64-linux-gnu/libm-2.23.so
7fb5fb28c000-7fb5fb28d000 rw-p 00108000 08:02 15730648                   /lib/x86_64-linux-gnu/libm-2.23.so
7fb5fb28d000-7fb5fbf60000 r-xp 00000000 08:02 17041767                   /usr/lib/jvm/java-8-oracle/jre/lib/amd64/server/libjvm.so
7fb5fbf60000-7fb5fc15f000 ---p 00cd3000 08:02 17041767                   /usr/lib/jvm/java-8-oracle/jre/lib/amd64/server/libjvm.so
7fb5fc15f000-7fb5fc239000 rw-p 00cd2000 08:02 17041767                   /usr/lib/jvm/java-8-oracle/jre/lib/amd64/server/libjvm.so
7fb5fc239000-7fb5fc284000 rw-p 00000000 00:00 0 
7fb5fc284000-7fb5fc444000 r-xp 00000000 08:02 15730610                   /lib/x86_64-linux-gnu/libc-2.23.so
7fb5fc444000-7fb5fc644000 ---p 001c0000 08:02 15730610                   /lib/x86_64-linux-gnu/libc-2.23.so
7fb5fc644000-7fb5fc648000 r--p 001c0000 08:02 15730610                   /lib/x86_64-linux-gnu/libc-2.23.so
7fb5fc648000-7fb5fc64a000 rw-p 001c4000 08:02 15730610                   /lib/x86_64-linux-gnu/libc-2.23.so
7fb5fc64a000-7fb5fc64e000 rw-p 00000000 00:00 0 
7fb5fc64e000-7fb5fc651000 r-xp 00000000 08:02 15730623                   /lib/x86_64-linux-gnu/libdl-2.23.so
7fb5fc651000-7fb5fc850000 ---p 00003000 08:02 15730623                   /lib/x86_64-linux-gnu/libdl-2.23.so
7fb5fc850000-7fb5fc851000 r--p 00002000 08:02 15730623                   /lib/x86_64-linux-gnu/libdl-2.23.so
7fb5fc851000-7fb5fc852000 rw-p 00003000 08:02 15730623                   /lib/x86_64-linux-gnu/libdl-2.23.so
7fb5fc852000-7fb5fc867000 r-xp 00000000 08:02 17041930                   /usr/lib/jvm/java-8-oracle/lib/amd64/jli/libjli.so
7fb5fc867000-7fb5fca67000 ---p 00015000 08:02 17041930                   /usr/lib/jvm/java-8-oracle/lib/amd64/jli/libjli.so
7fb5fca67000-7fb5fca68000 rw-p 00015000 08:02 17041930                   /usr/lib/jvm/java-8-oracle/lib/amd64/jli/libjli.so
7fb5fca68000-7fb5fca80000 r-xp 00000000 08:02 15730693                   /lib/x86_64-linux-gnu/libpthread-2.23.so
7fb5fca80000-7fb5fcc7f000 ---p 00018000 08:02 15730693                   /lib/x86_64-linux-gnu/libpthread-2.23.so
7fb5fcc7f000-7fb5fcc80000 r--p 00017000 08:02 15730693                   /lib/x86_64-linux-gnu/libpthread-2.23.so
7fb5fcc80000-7fb5fcc81000 rw-p 00018000 08:02 15730693                   /lib/x86_64-linux-gnu/libpthread-2.23.so
7fb5fcc81000-7fb5fcc85000 rw-p 00000000 00:00 0 
7fb5fcc85000-7fb5fccab000 r-xp 00000000 08:02 15730595                   /lib/x86_64-linux-gnu/ld-2.23.so
7fb5fcd41000-7fb5fcd44000 ---p 00000000 00:00 0 
7fb5fcd44000-7fb5fce46000 rw-p 00000000 00:00 0 
7fb5fce9e000-7fb5fcea6000 rw-s 00000000 00:28 113                        /tmp/hsperfdata_amaple1/29376
7fb5fcea6000-7fb5fcea7000 rw-p 00000000 00:00 0 
7fb5fcea7000-7fb5fcea8000 r--p 00000000 00:00 0 
7fb5fcea8000-7fb5fceaa000 rw-p 00000000 00:00 0 
7fb5fceaa000-7fb5fceab000 r--p 00025000 08:02 15730595                   /lib/x86_64-linux-gnu/ld-2.23.so
7fb5fceab000-7fb5fceac000 rw-p 00026000 08:02 15730595                   /lib/x86_64-linux-gnu/ld-2.23.so
7fb5fceac000-7fb5fcead000 rw-p 00000000 00:00 0 
7fff7f430000-7fff7f451000 rw-p 00000000 00:00 0                          [stack]
7fff7f4cd000-7fff7f4cf000 r--p 00000000 00:00 0                          [vvar]
7fff7f4cf000-7fff7f4d1000 r-xp 00000000 00:00 0                          [vdso]
ffffffffff600000-ffffffffff601000 r-xp 00000000 00:00 0                  [vsyscall]

VM Arguments:
jvm_args: -Denv.class.path=/home/2016/amaple1/521/512/rmi/clientsrc:/home/2016/amaple1/521/512/rmi/clientsrc/../servercode/ResInterface.jar -Dapplication.home=/usr/lib/jvm/java-8-oracle -Xms8m 
java_command: com.sun.tools.javac.Main client.java
java_class_path (initial): /usr/lib/jvm/java-8-oracle/lib/tools.jar:/usr/lib/jvm/java-8-oracle/classes
Launcher Type: SUN_STANDARD

Environment Variables:
JAVA_HOME=/usr/lib/jvm/java-8-oracle
CLASSPATH=/home/2016/amaple1/521/512/rmi/clientsrc:/home/2016/amaple1/521/512/rmi/clientsrc/../servercode/ResInterface.jar
PATH=/var/bin:/usr/local/sbin:/usr/local/bin:/usr/sbin:/usr/bin:/sbin:/bin:/usr/games:/usr/local/games:/snap/bin:/usr/lib/jvm/java-8-oracle/bin:/usr/lib/jvm/java-8-oracle/db/bin:/usr/lib/jvm/java-8-oracle/jre/bin:/opt/puppetlabs/bin
SHELL=/bin/bash
DISPLAY=:0

Signal Handlers:
SIGSEGV: [libjvm.so+0xacba10], sa_mask[0]=11111111011111111101111111111110, sa_flags=SA_RESTART|SA_SIGINFO
SIGBUS: [libjvm.so+0xacba10], sa_mask[0]=11111111011111111101111111111110, sa_flags=SA_RESTART|SA_SIGINFO
SIGFPE: [libjvm.so+0x924ba0], sa_mask[0]=11111111011111111101111111111110, sa_flags=SA_RESTART|SA_SIGINFO
SIGPIPE: [libjvm.so+0x924ba0], sa_mask[0]=11111111011111111101111111111110, sa_flags=SA_RESTART|SA_SIGINFO
SIGXFSZ: [libjvm.so+0x924ba0], sa_mask[0]=11111111011111111101111111111110, sa_flags=SA_RESTART|SA_SIGINFO
SIGILL: [libjvm.so+0x924ba0], sa_mask[0]=11111111011111111101111111111110, sa_flags=SA_RESTART|SA_SIGINFO
SIGUSR1: SIG_DFL, sa_mask[0]=00000000000000000000000000000000, sa_flags=none
SIGUSR2: [libjvm.so+0x9263e0], sa_mask[0]=00000000000000000000000000000000, sa_flags=SA_RESTART|SA_SIGINFO
SIGHUP: SIG_DFL, sa_mask[0]=00000000000000000000000000000000, sa_flags=none
SIGINT: SIG_DFL, sa_mask[0]=00000000000000000000000000000000, sa_flags=none
SIGTERM: SIG_DFL, sa_mask[0]=00000000000000000000000000000000, sa_flags=none
SIGQUIT: SIG_DFL, sa_mask[0]=00000000000000000000000000000000, sa_flags=none


---------------  S Y S T E M  ---------------

OS:DISTRIB_ID=Ubuntu
DISTRIB_RELEASE=16.04
DISTRIB_CODENAME=xenial
DISTRIB_DESCRIPTION="Ubuntu 16.04.3 LTS"

uname:Linux 4.4.0-96-generic #119-Ubuntu SMP Tue Sep 12 14:59:54 UTC 2017 x86_64
libc:glibc 2.23 NPTL 2.23 
rlimit: STACK 8192k, CORE 0k, NPROC 2000, NOFILE 1048576, AS infinity
load average:0.25 0.88 0.68

/proc/meminfo:
MemTotal:        8115688 kB
MemFree:         1764400 kB
MemAvailable:    3191472 kB
Buffers:          674236 kB
Cached:          2017528 kB
SwapCached:         1872 kB
Active:          4364048 kB
Inactive:        1603392 kB
Active(anon):    3131180 kB
Inactive(anon):  1246568 kB
Active(file):    1232868 kB
Inactive(file):   356824 kB
Unevictable:        5116 kB
Mlocked:            5116 kB
SwapTotal:      16777212 kB
SwapFree:       16714164 kB
Dirty:               100 kB
Writeback:             0 kB
AnonPages:       3279048 kB
Mapped:           468120 kB
Shmem:           1098528 kB
Slab:             198748 kB
SReclaimable:     113300 kB
SUnreclaim:        85448 kB
KernelStack:       36784 kB
PageTables:        73616 kB
NFS_Unstable:         96 kB
Bounce:                0 kB
WritebackTmp:          0 kB
CommitLimit:    20835056 kB
Committed_AS:   27088488 kB
VmallocTotal:   34359738367 kB
VmallocUsed:           0 kB
VmallocChunk:          0 kB
HardwareCorrupted:     0 kB
AnonHugePages:    954368 kB
CmaTotal:              0 kB
CmaFree:               0 kB
HugePages_Total:       0
HugePages_Free:        0
HugePages_Rsvd:        0
HugePages_Surp:        0
Hugepagesize:       2048 kB
DirectMap4k:      289408 kB
DirectMap2M:     8040448 kB
DirectMap1G:     1048576 kB


CPU:total 8 (initial active 8) (4 cores per cpu, 2 threads per core) family 6 model 60 stepping 3, cmov, cx8, fxsr, mmx, sse, sse2, sse3, ssse3, sse4.1, sse4.2, popcnt, avx, avx2, aes, clmul, erms, rtm, lzcnt, ht, tsc, tscinvbit, bmi1, bmi2

/proc/cpuinfo:
processor	: 0
vendor_id	: GenuineIntel
cpu family	: 6
model		: 60
model name	: Intel(R) Core(TM) i7-4770 CPU @ 3.40GHz
stepping	: 3
microcode	: 0x16
cpu MHz		: 3402.789
cache size	: 8192 KB
physical id	: 0
siblings	: 8
core id		: 0
cpu cores	: 4
apicid		: 0
initial apicid	: 0
fpu		: yes
fpu_exception	: yes
cpuid level	: 13
wp		: yes
flags		: fpu vme de pse tsc msr pae mce cx8 apic sep mtrr pge mca cmov pat pse36 clflush dts acpi mmx fxsr sse sse2 ss ht tm pbe syscall nx pdpe1gb rdtscp lm constant_tsc arch_perfmon pebs bts rep_good nopl xtopology nonstop_tsc aperfmperf eagerfpu pni pclmulqdq dtes64 monitor ds_cpl vmx smx est tm2 ssse3 sdbg fma cx16 xtpr pdcm pcid sse4_1 sse4_2 x2apic movbe popcnt tsc_deadline_timer aes xsave avx f16c rdrand lahf_lm abm epb tpr_shadow vnmi flexpriority ept vpid fsgsbase tsc_adjust bmi1 hle avx2 smep bmi2 erms invpcid rtm xsaveopt dtherm ida arat pln pts
bugs		:
bogomips	: 6784.83
clflush size	: 64
cache_alignment	: 64
address sizes	: 39 bits physical, 48 bits virtual
power management:

processor	: 1
vendor_id	: GenuineIntel
cpu family	: 6
model		: 60
model name	: Intel(R) Core(TM) i7-4770 CPU @ 3.40GHz
stepping	: 3
microcode	: 0x16
cpu MHz		: 3534.273
cache size	: 8192 KB
physical id	: 0
siblings	: 8
core id		: 1
cpu cores	: 4
apicid		: 2
initial apicid	: 2
fpu		: yes
fpu_exception	: yes
cpuid level	: 13
wp		: yes
flags		: fpu vme de pse tsc msr pae mce cx8 apic sep mtrr pge mca cmov pat pse36 clflush dts acpi mmx fxsr sse sse2 ss ht tm pbe syscall nx pdpe1gb rdtscp lm constant_tsc arch_perfmon pebs bts rep_good nopl xtopology nonstop_tsc aperfmperf eagerfpu pni pclmulqdq dtes64 monitor ds_cpl vmx smx est tm2 ssse3 sdbg fma cx16 xtpr pdcm pcid sse4_1 sse4_2 x2apic movbe popcnt tsc_deadline_timer aes xsave avx f16c rdrand lahf_lm abm epb tpr_shadow vnmi flexpriority ept vpid fsgsbase tsc_adjust bmi1 hle avx2 smep bmi2 erms invpcid rtm xsaveopt dtherm ida arat pln pts
bugs		:
bogomips	: 6784.83
clflush size	: 64
cache_alignment	: 64
address sizes	: 39 bits physical, 48 bits virtual
power management:

processor	: 2
vendor_id	: GenuineIntel
cpu family	: 6
model		: 60
model name	: Intel(R) Core(TM) i7-4770 CPU @ 3.40GHz
stepping	: 3
microcode	: 0x16
cpu MHz		: 3400.000
cache size	: 8192 KB
physical id	: 0
siblings	: 8
core id		: 2
cpu cores	: 4
apicid		: 4
initial apicid	: 4
fpu		: yes
fpu_exception	: yes
cpuid level	: 13
wp		: yes
flags		: fpu vme de pse tsc msr pae mce cx8 apic sep mtrr pge mca cmov pat pse36 clflush dts acpi mmx fxsr sse sse2 ss ht tm pbe syscall nx pdpe1gb rdtscp lm constant_tsc arch_perfmon pebs bts rep_good nopl xtopology nonstop_tsc aperfmperf eagerfpu pni pclmulqdq dtes64 monitor ds_cpl vmx smx est tm2 ssse3 sdbg fma cx16 xtpr pdcm pcid sse4_1 sse4_2 x2apic movbe popcnt tsc_deadline_timer aes xsave avx f16c rdrand lahf_lm abm epb tpr_shadow vnmi flexpriority ept vpid fsgsbase tsc_adjust bmi1 hle avx2 smep bmi2 erms invpcid rtm xsaveopt dtherm ida arat pln pts
bugs		:
bogomips	: 6784.83
clflush size	: 64
cache_alignment	: 64
address sizes	: 39 bits physical, 48 bits virtual
power management:

processor	: 3
vendor_id	: GenuineIntel
cpu family	: 6
model		: 60
model name	: Intel(R) Core(TM) i7-4770 CPU @ 3.40GHz
stepping	: 3
microcode	: 0x16
cpu MHz		: 3405.179
cache size	: 8192 KB
physical id	: 0
siblings	: 8
core id		: 3
cpu cores	: 4
apicid		: 6
initial apicid	: 6
fpu		: yes
fpu_exception	: yes
cpuid level	: 13
wp		: yes
flags		: fpu vme de pse tsc msr pae mce cx8 apic sep mtrr pge mca cmov pat pse36 clflush dts acpi mmx fxsr sse sse2 ss ht tm pbe syscall nx pdpe1gb rdtscp lm constant_tsc arch_perfmon pebs bts rep_good nopl xtopology nonstop_tsc aperfmperf eagerfpu pni pclmulqdq dtes64 monitor ds_cpl vmx smx est tm2 ssse3 sdbg fma cx16 xtpr pdcm pcid sse4_1 sse4_2 x2apic movbe popcnt tsc_deadline_timer aes xsave avx f16c rdrand lahf_lm abm epb tpr_shadow vnmi flexpriority ept vpid fsgsbase tsc_adjust bmi1 hle avx2 smep bmi2 erms invpcid rtm xsaveopt dtherm ida arat pln pts
bugs		:
bogomips	: 6784.83
clflush size	: 64
cache_alignment	: 64
address sizes	: 39 bits physical, 48 bits virtual
power management:

processor	: 4
vendor_id	: GenuineIntel
cpu family	: 6
model		: 60
model name	: Intel(R) Core(TM) i7-4770 CPU @ 3.40GHz
stepping	: 3
microcode	: 0x16
cpu MHz		: 3400.265
cache size	: 8192 KB
physical id	: 0
siblings	: 8
core id		: 0
cpu cores	: 4
apicid		: 1
initial apicid	: 1
fpu		: yes
fpu_exception	: yes
cpuid level	: 13
wp		: yes
flags		: fpu vme de pse tsc msr pae mce cx8 apic sep mtrr pge mca cmov pat pse36 clflush dts acpi mmx fxsr sse sse2 ss ht tm pbe syscall nx pdpe1gb rdtscp lm constant_tsc arch_perfmon pebs bts rep_good nopl xtopology nonstop_tsc aperfmperf eagerfpu pni pclmulqdq dtes64 monitor ds_cpl vmx smx est tm2 ssse3 sdbg fma cx16 xtpr pdcm pcid sse4_1 sse4_2 x2apic movbe popcnt tsc_deadline_timer aes xsave avx f16c rdrand lahf_lm abm epb tpr_shadow vnmi flexpriority ept vpid fsgsbase tsc_adjust bmi1 hle avx2 smep bmi2 erms invpcid rtm xsaveopt dtherm ida arat pln pts
bugs		:
bogomips	: 6784.83
clflush size	: 64
cache_alignment	: 64
address sizes	: 39 bits physical, 48 bits virtual
power management:

processor	: 5
vendor_id	: GenuineIntel
cpu family	: 6
model		: 60
model name	: Intel(R) Core(TM) i7-4770 CPU @ 3.40GHz
stepping	: 3
microcode	: 0x16
cpu MHz		: 3400.132
cache size	: 8192 KB
physical id	: 0
siblings	: 8
core id		: 1
cpu cores	: 4
apicid		: 3
initial apicid	: 3
fpu		: yes
fpu_exception	: yes
cpuid level	: 13
wp		: yes
flags		: fpu vme de pse tsc msr pae mce cx8 apic sep mtrr pge mca cmov pat pse36 clflush dts acpi mmx fxsr sse sse2 ss ht tm pbe syscall nx pdpe1gb rdtscp lm constant_tsc arch_perfmon pebs bts rep_good nopl xtopology nonstop_tsc aperfmperf eagerfpu pni pclmulqdq dtes64 monitor ds_cpl vmx smx est tm2 ssse3 sdbg fma cx16 xtpr pdcm pcid sse4_1 sse4_2 x2apic movbe popcnt tsc_deadline_timer aes xsave avx f16c rdrand lahf_lm abm epb tpr_shadow vnmi flexpriority ept vpid fsgsbase tsc_adjust bmi1 hle avx2 smep bmi2 erms invpcid rtm xsaveopt dtherm ida arat pln pts
bugs		:
bogomips	: 6784.83
clflush size	: 64
cache_alignment	: 64
address sizes	: 39 bits physical, 48 bits virtual
power management:

processor	: 6
vendor_id	: GenuineIntel
cpu family	: 6
model		: 60
model name	: Intel(R) Core(TM) i7-4770 CPU @ 3.40GHz
stepping	: 3
microcode	: 0x16
cpu MHz		: 3400.132
cache size	: 8192 KB
physical id	: 0
siblings	: 8
core id		: 2
cpu cores	: 4
apicid		: 5
initial apicid	: 5
fpu		: yes
fpu_exception	: yes
cpuid level	: 13
wp		: yes
flags		: fpu vme de pse tsc msr pae mce cx8 apic sep mtrr pge mca cmov pat pse36 clflush dts acpi mmx fxsr sse sse2 ss ht tm pbe syscall nx pdpe1gb rdtscp lm constant_tsc arch_perfmon pebs bts rep_good nopl xtopology nonstop_tsc aperfmperf eagerfpu pni pclmulqdq dtes64 monitor ds_cpl vmx smx est tm2 ssse3 sdbg fma cx16 xtpr pdcm pcid sse4_1 sse4_2 x2apic movbe popcnt tsc_deadline_timer aes xsave avx f16c rdrand lahf_lm abm epb tpr_shadow vnmi flexpriority ept vpid fsgsbase tsc_adjust bmi1 hle avx2 smep bmi2 erms invpcid rtm xsaveopt dtherm ida arat pln pts
bugs		:
bogomips	: 6784.83
clflush size	: 64
cache_alignment	: 64
address sizes	: 39 bits physical, 48 bits virtual
power management:

processor	: 7
vendor_id	: GenuineIntel
cpu family	: 6
model		: 60
model name	: Intel(R) Core(TM) i7-4770 CPU @ 3.40GHz
stepping	: 3
microcode	: 0x16
cpu MHz		: 3400.000
cache size	: 8192 KB
physical id	: 0
siblings	: 8
core id		: 3
cpu cores	: 4
apicid		: 7
initial apicid	: 7
fpu		: yes
fpu_exception	: yes
cpuid level	: 13
wp		: yes
flags		: fpu vme de pse tsc msr pae mce cx8 apic sep mtrr pge mca cmov pat pse36 clflush dts acpi mmx fxsr sse sse2 ss ht tm pbe syscall nx pdpe1gb rdtscp lm constant_tsc arch_perfmon pebs bts rep_good nopl xtopology nonstop_tsc aperfmperf eagerfpu pni pclmulqdq dtes64 monitor ds_cpl vmx smx est tm2 ssse3 sdbg fma cx16 xtpr pdcm pcid sse4_1 sse4_2 x2apic movbe popcnt tsc_deadline_timer aes xsave avx f16c rdrand lahf_lm abm epb tpr_shadow vnmi flexpriority ept vpid fsgsbase tsc_adjust bmi1 hle avx2 smep bmi2 erms invpcid rtm xsaveopt dtherm ida arat pln pts
bugs		:
bogomips	: 6784.83
clflush size	: 64
cache_alignment	: 64
address sizes	: 39 bits physical, 48 bits virtual
power management:



Memory: 4k page, physical 8115688k(1764400k free), swap 16777212k(16714164k free)

vm_info: Java HotSpot(TM) 64-Bit Server VM (25.144-b01) for linux-amd64 JRE (1.8.0_144-b01), built on Jul 21 2017 21:57:33 by "java_re" with gcc 4.3.0 20080428 (Red Hat 4.3.0-8)

time: Fri Nov 10 23:55:02 2017
elapsed time: 0 seconds (0d 0h 0m 0s)

